[2014-10-11 12:13:36,115] [DEBUG] (org.apache.ibatis.datasource.pooled.PooledDataSource:304)  - PooledDataSource forcefully closed/removed all connections.
 [2014-10-11 12:21:41,762] [INFO ] (com.lin.clould.web.command.CommandFactory:48)  - NodeList Length : 5
 [2014-10-11 12:21:41,952] [DEBUG] (org.apache.ibatis.logging.LogFactory:124)  - Logging initialized using 'class org.apache.ibatis.logging.slf4j.Slf4jImpl' adapter.
 [2014-10-11 12:21:41,961] [DEBUG] (org.apache.ibatis.datasource.pooled.PooledDataSource:304)  - PooledDataSource forcefully closed/removed all connections.
 [2014-10-11 12:21:41,961] [DEBUG] (org.apache.ibatis.datasource.pooled.PooledDataSource:304)  - PooledDataSource forcefully closed/removed all connections.
 [2014-10-11 12:21:41,962] [DEBUG] (org.apache.ibatis.datasource.pooled.PooledDataSource:304)  - PooledDataSource forcefully closed/removed all connections.
 [2014-10-11 12:21:41,962] [DEBUG] (org.apache.ibatis.datasource.pooled.PooledDataSource:304)  - PooledDataSource forcefully closed/removed all connections.
 [2014-10-11 12:21:41,962] [DEBUG] (org.apache.ibatis.datasource.pooled.PooledDataSource:304)  - PooledDataSource forcefully closed/removed all connections.
 [2014-10-11 12:21:41,963] [DEBUG] (org.apache.ibatis.datasource.pooled.PooledDataSource:304)  - PooledDataSource forcefully closed/removed all connections.
 [2014-10-11 12:21:41,963] [DEBUG] (org.apache.ibatis.datasource.pooled.PooledDataSource:304)  - PooledDataSource forcefully closed/removed all connections.
 [2014-10-11 12:21:41,964] [DEBUG] (org.apache.ibatis.datasource.pooled.PooledDataSource:304)  - PooledDataSource forcefully closed/removed all connections.
 [2014-10-11 12:21:41,964] [DEBUG] (org.apache.ibatis.datasource.pooled.PooledDataSource:304)  - PooledDataSource forcefully closed/removed all connections.
 [2014-10-11 12:21:41,965] [DEBUG] (org.apache.ibatis.datasource.pooled.PooledDataSource:304)  - PooledDataSource forcefully closed/removed all connections.
 [2014-10-11 12:21:41,965] [DEBUG] (org.apache.ibatis.datasource.pooled.PooledDataSource:304)  - PooledDataSource forcefully closed/removed all connections.
 [2014-10-11 12:21:41,965] [DEBUG] (org.apache.ibatis.datasource.pooled.PooledDataSource:304)  - PooledDataSource forcefully closed/removed all connections.
 [2014-10-11 12:22:10,892] [INFO ] (com.lin.clould.web.command.CommandFactory:48)  - NodeList Length : 5
 [2014-10-11 12:22:19,462] [INFO ] (com.lin.clould.web.command.CommandFactory:48)  - NodeList Length : 5
 [2014-10-11 12:22:56,911] [DEBUG] (org.apache.ibatis.datasource.pooled.PooledDataSource:304)  - PooledDataSource forcefully closed/removed all connections.
 [2014-10-11 12:31:02,520] [INFO ] (com.lin.clould.web.command.CommandFactory:48)  - NodeList Length : 5
 [2014-10-11 12:31:02,684] [DEBUG] (org.apache.ibatis.logging.LogFactory:124)  - Logging initialized using 'class org.apache.ibatis.logging.slf4j.Slf4jImpl' adapter.
 [2014-10-11 12:31:02,695] [DEBUG] (org.apache.ibatis.datasource.pooled.PooledDataSource:304)  - PooledDataSource forcefully closed/removed all connections.
 [2014-10-11 12:31:02,696] [DEBUG] (org.apache.ibatis.datasource.pooled.PooledDataSource:304)  - PooledDataSource forcefully closed/removed all connections.
 [2014-10-11 12:31:02,696] [DEBUG] (org.apache.ibatis.datasource.pooled.PooledDataSource:304)  - PooledDataSource forcefully closed/removed all connections.
 [2014-10-11 12:31:02,696] [DEBUG] (org.apache.ibatis.datasource.pooled.PooledDataSource:304)  - PooledDataSource forcefully closed/removed all connections.
 [2014-10-11 12:31:02,697] [DEBUG] (org.apache.ibatis.datasource.pooled.PooledDataSource:304)  - PooledDataSource forcefully closed/removed all connections.
 [2014-10-11 12:31:02,697] [DEBUG] (org.apache.ibatis.datasource.pooled.PooledDataSource:304)  - PooledDataSource forcefully closed/removed all connections.
 [2014-10-11 12:31:02,697] [DEBUG] (org.apache.ibatis.datasource.pooled.PooledDataSource:304)  - PooledDataSource forcefully closed/removed all connections.
 [2014-10-11 12:31:02,698] [DEBUG] (org.apache.ibatis.datasource.pooled.PooledDataSource:304)  - PooledDataSource forcefully closed/removed all connections.
 [2014-10-11 12:31:02,698] [DEBUG] (org.apache.ibatis.datasource.pooled.PooledDataSource:304)  - PooledDataSource forcefully closed/removed all connections.
 [2014-10-11 12:31:02,699] [DEBUG] (org.apache.ibatis.datasource.pooled.PooledDataSource:304)  - PooledDataSource forcefully closed/removed all connections.
 [2014-10-11 12:31:02,699] [DEBUG] (org.apache.ibatis.datasource.pooled.PooledDataSource:304)  - PooledDataSource forcefully closed/removed all connections.
 [2014-10-11 12:31:02,699] [DEBUG] (org.apache.ibatis.datasource.pooled.PooledDataSource:304)  - PooledDataSource forcefully closed/removed all connections.
 [2014-10-11 12:31:19,182] [INFO ] (com.lin.clould.web.command.CommandFactory:48)  - NodeList Length : 5
 [2014-10-11 12:33:25,651] [INFO ] (com.lin.clould.web.command.CommandFactory:48)  - NodeList Length : 5
 [2014-10-11 12:33:25,810] [DEBUG] (org.apache.ibatis.logging.LogFactory:124)  - Logging initialized using 'class org.apache.ibatis.logging.slf4j.Slf4jImpl' adapter.
 [2014-10-11 12:33:25,821] [DEBUG] (org.apache.ibatis.datasource.pooled.PooledDataSource:304)  - PooledDataSource forcefully closed/removed all connections.
 [2014-10-11 12:33:25,822] [DEBUG] (org.apache.ibatis.datasource.pooled.PooledDataSource:304)  - PooledDataSource forcefully closed/removed all connections.
 [2014-10-11 12:33:25,822] [DEBUG] (org.apache.ibatis.datasource.pooled.PooledDataSource:304)  - PooledDataSource forcefully closed/removed all connections.
 [2014-10-11 12:33:25,823] [DEBUG] (org.apache.ibatis.datasource.pooled.PooledDataSource:304)  - PooledDataSource forcefully closed/removed all connections.
 [2014-10-11 12:33:25,823] [DEBUG] (org.apache.ibatis.datasource.pooled.PooledDataSource:304)  - PooledDataSource forcefully closed/removed all connections.
 [2014-10-11 12:33:25,823] [DEBUG] (org.apache.ibatis.datasource.pooled.PooledDataSource:304)  - PooledDataSource forcefully closed/removed all connections.
 [2014-10-11 12:33:25,824] [DEBUG] (org.apache.ibatis.datasource.pooled.PooledDataSource:304)  - PooledDataSource forcefully closed/removed all connections.
 [2014-10-11 12:33:25,824] [DEBUG] (org.apache.ibatis.datasource.pooled.PooledDataSource:304)  - PooledDataSource forcefully closed/removed all connections.
 [2014-10-11 12:33:25,824] [DEBUG] (org.apache.ibatis.datasource.pooled.PooledDataSource:304)  - PooledDataSource forcefully closed/removed all connections.
 [2014-10-11 12:33:25,825] [DEBUG] (org.apache.ibatis.datasource.pooled.PooledDataSource:304)  - PooledDataSource forcefully closed/removed all connections.
 [2014-10-11 12:33:25,826] [DEBUG] (org.apache.ibatis.datasource.pooled.PooledDataSource:304)  - PooledDataSource forcefully closed/removed all connections.
 [2014-10-11 12:33:25,826] [DEBUG] (org.apache.ibatis.datasource.pooled.PooledDataSource:304)  - PooledDataSource forcefully closed/removed all connections.
 [2014-10-11 12:35:28,658] [INFO ] (com.lin.clould.web.command.CommandFactory:48)  - NodeList Length : 5
 [2014-10-11 12:35:28,802] [DEBUG] (org.apache.ibatis.logging.LogFactory:124)  - Logging initialized using 'class org.apache.ibatis.logging.slf4j.Slf4jImpl' adapter.
 [2014-10-11 12:35:28,812] [DEBUG] (org.apache.ibatis.datasource.pooled.PooledDataSource:304)  - PooledDataSource forcefully closed/removed all connections.
 [2014-10-11 12:35:28,812] [DEBUG] (org.apache.ibatis.datasource.pooled.PooledDataSource:304)  - PooledDataSource forcefully closed/removed all connections.
 [2014-10-11 12:35:28,812] [DEBUG] (org.apache.ibatis.datasource.pooled.PooledDataSource:304)  - PooledDataSource forcefully closed/removed all connections.
 [2014-10-11 12:35:28,813] [DEBUG] (org.apache.ibatis.datasource.pooled.PooledDataSource:304)  - PooledDataSource forcefully closed/removed all connections.
 [2014-10-11 12:35:28,813] [DEBUG] (org.apache.ibatis.datasource.pooled.PooledDataSource:304)  - PooledDataSource forcefully closed/removed all connections.
 [2014-10-11 12:35:28,813] [DEBUG] (org.apache.ibatis.datasource.pooled.PooledDataSource:304)  - PooledDataSource forcefully closed/removed all connections.
 [2014-10-11 12:35:28,814] [DEBUG] (org.apache.ibatis.datasource.pooled.PooledDataSource:304)  - PooledDataSource forcefully closed/removed all connections.
 [2014-10-11 12:35:28,814] [DEBUG] (org.apache.ibatis.datasource.pooled.PooledDataSource:304)  - PooledDataSource forcefully closed/removed all connections.
 [2014-10-11 12:35:28,815] [DEBUG] (org.apache.ibatis.datasource.pooled.PooledDataSource:304)  - PooledDataSource forcefully closed/removed all connections.
 [2014-10-11 12:35:28,815] [DEBUG] (org.apache.ibatis.datasource.pooled.PooledDataSource:304)  - PooledDataSource forcefully closed/removed all connections.
 [2014-10-11 12:35:28,815] [DEBUG] (org.apache.ibatis.datasource.pooled.PooledDataSource:304)  - PooledDataSource forcefully closed/removed all connections.
 [2014-10-11 12:35:28,815] [DEBUG] (org.apache.ibatis.datasource.pooled.PooledDataSource:304)  - PooledDataSource forcefully closed/removed all connections.
 [2014-10-11 12:37:12,641] [DEBUG] (org.apache.ibatis.datasource.pooled.PooledDataSource:304)  - PooledDataSource forcefully closed/removed all connections.
 [2014-10-11 12:38:21,973] [INFO ] (com.lin.clould.web.command.CommandFactory:48)  - NodeList Length : 5
 [2014-10-11 12:38:22,118] [DEBUG] (org.apache.ibatis.logging.LogFactory:124)  - Logging initialized using 'class org.apache.ibatis.logging.slf4j.Slf4jImpl' adapter.
 [2014-10-11 12:38:22,126] [DEBUG] (org.apache.ibatis.datasource.pooled.PooledDataSource:304)  - PooledDataSource forcefully closed/removed all connections.
 [2014-10-11 12:38:22,127] [DEBUG] (org.apache.ibatis.datasource.pooled.PooledDataSource:304)  - PooledDataSource forcefully closed/removed all connections.
 [2014-10-11 12:38:22,127] [DEBUG] (org.apache.ibatis.datasource.pooled.PooledDataSource:304)  - PooledDataSource forcefully closed/removed all connections.
 [2014-10-11 12:38:22,127] [DEBUG] (org.apache.ibatis.datasource.pooled.PooledDataSource:304)  - PooledDataSource forcefully closed/removed all connections.
 [2014-10-11 12:38:22,128] [DEBUG] (org.apache.ibatis.datasource.pooled.PooledDataSource:304)  - PooledDataSource forcefully closed/removed all connections.
 [2014-10-11 12:38:22,128] [DEBUG] (org.apache.ibatis.datasource.pooled.PooledDataSource:304)  - PooledDataSource forcefully closed/removed all connections.
 [2014-10-11 12:38:22,128] [DEBUG] (org.apache.ibatis.datasource.pooled.PooledDataSource:304)  - PooledDataSource forcefully closed/removed all connections.
 [2014-10-11 12:38:22,129] [DEBUG] (org.apache.ibatis.datasource.pooled.PooledDataSource:304)  - PooledDataSource forcefully closed/removed all connections.
 [2014-10-11 12:38:22,129] [DEBUG] (org.apache.ibatis.datasource.pooled.PooledDataSource:304)  - PooledDataSource forcefully closed/removed all connections.
 [2014-10-11 12:38:22,129] [DEBUG] (org.apache.ibatis.datasource.pooled.PooledDataSource:304)  - PooledDataSource forcefully closed/removed all connections.
 [2014-10-11 12:38:22,130] [DEBUG] (org.apache.ibatis.datasource.pooled.PooledDataSource:304)  - PooledDataSource forcefully closed/removed all connections.
 [2014-10-11 12:38:22,130] [DEBUG] (org.apache.ibatis.datasource.pooled.PooledDataSource:304)  - PooledDataSource forcefully closed/removed all connections.
 [2014-10-11 12:38:25,200] [INFO ] (com.lin.clould.web.command.CommandFactory:48)  - NodeList Length : 5
 [2014-10-11 12:38:27,117] [INFO ] (com.lin.clould.web.command.CommandFactory:48)  - NodeList Length : 5
 [2014-10-11 12:38:32,124] [INFO ] (com.lin.clould.web.command.CommandFactory:48)  - NodeList Length : 5
 [2014-10-11 12:38:52,607] [INFO ] (com.lin.clould.web.command.CommandFactory:48)  - NodeList Length : 5
 [2014-10-11 12:44:42,502] [INFO ] (com.lin.clould.web.command.CommandFactory:48)  - NodeList Length : 5
 [2014-10-11 12:44:42,689] [DEBUG] (org.apache.ibatis.logging.LogFactory:124)  - Logging initialized using 'class org.apache.ibatis.logging.slf4j.Slf4jImpl' adapter.
 [2014-10-11 12:44:42,701] [DEBUG] (org.apache.ibatis.datasource.pooled.PooledDataSource:304)  - PooledDataSource forcefully closed/removed all connections.
 [2014-10-11 12:44:42,701] [DEBUG] (org.apache.ibatis.datasource.pooled.PooledDataSource:304)  - PooledDataSource forcefully closed/removed all connections.
 [2014-10-11 12:44:42,702] [DEBUG] (org.apache.ibatis.datasource.pooled.PooledDataSource:304)  - PooledDataSource forcefully closed/removed all connections.
 [2014-10-11 12:44:42,702] [DEBUG] (org.apache.ibatis.datasource.pooled.PooledDataSource:304)  - PooledDataSource forcefully closed/removed all connections.
 [2014-10-11 12:44:42,703] [DEBUG] (org.apache.ibatis.datasource.pooled.PooledDataSource:304)  - PooledDataSource forcefully closed/removed all connections.
 [2014-10-11 12:44:42,703] [DEBUG] (org.apache.ibatis.datasource.pooled.PooledDataSource:304)  - PooledDataSource forcefully closed/removed all connections.
 [2014-10-11 12:44:42,703] [DEBUG] (org.apache.ibatis.datasource.pooled.PooledDataSource:304)  - PooledDataSource forcefully closed/removed all connections.
 [2014-10-11 12:44:42,704] [DEBUG] (org.apache.ibatis.datasource.pooled.PooledDataSource:304)  - PooledDataSource forcefully closed/removed all connections.
 [2014-10-11 12:44:42,704] [DEBUG] (org.apache.ibatis.datasource.pooled.PooledDataSource:304)  - PooledDataSource forcefully closed/removed all connections.
 [2014-10-11 12:44:42,704] [DEBUG] (org.apache.ibatis.datasource.pooled.PooledDataSource:304)  - PooledDataSource forcefully closed/removed all connections.
 [2014-10-11 12:44:42,704] [DEBUG] (org.apache.ibatis.datasource.pooled.PooledDataSource:304)  - PooledDataSource forcefully closed/removed all connections.
 [2014-10-11 12:44:42,705] [DEBUG] (org.apache.ibatis.datasource.pooled.PooledDataSource:304)  - PooledDataSource forcefully closed/removed all connections.
 [2014-10-11 12:44:42,784] [INFO ] (com.lin.clould.web.command.CommandFactory:97)  - DefaultViewPath : /WEB-INF/jsp/
 [2014-10-11 12:44:42,785] [INFO ] (com.lin.clould.web.FrontController:68)  - RequestURI :/main
 [2014-10-11 12:44:42,785] [INFO ] (com.lin.clould.web.command.CommandFactory:90)  - {defaultMethod=main, class=com.lin.clould.person.main.service.MainServiceImpl@1cac3fa}
 [2014-10-11 12:44:44,515] [INFO ] (com.lin.clould.web.FrontController:68)  - RequestURI :/bbs
 [2014-10-11 12:44:44,516] [INFO ] (com.lin.clould.web.command.CommandFactory:90)  - {defaultMethod=bbsList, class=com.lin.clould.person.bbs.service.BbsServiceImpl@a39de}
 [2014-10-11 12:44:44,570] [DEBUG] (org.apache.ibatis.transaction.jdbc.JdbcTransaction:129)  - Opening JDBC Connection
 [2014-10-11 12:44:45,780] [DEBUG] (org.apache.ibatis.datasource.pooled.PooledDataSource:378)  - Created connection 4738155.
 [2014-10-11 12:44:45,781] [DEBUG] (org.apache.ibatis.transaction.jdbc.JdbcTransaction:95)  - Setting autocommit to false on JDBC Connection [oracle.jdbc.driver.T4CConnection@484c6b]
 [2014-10-11 12:44:45,783] [DEBUG] (query.person.bbs.BbsSqlMapper.selectBBSListByMenuId:132)  - ooo Using Connection [oracle.jdbc.driver.T4CConnection@484c6b]
 [2014-10-11 12:44:45,785] [DEBUG] (query.person.bbs.BbsSqlMapper.selectBBSListByMenuId:132)  - ==>  Preparing: SELECT T1.* FROM BOARD T1 WHERE T1.MENU_ID = ? 
 [2014-10-11 12:44:45,948] [DEBUG] (com.lin.clould.repository.MybatisLogInterceptor:97)  - =====================================================================
 [2014-10-11 12:44:45,951] [DEBUG] (com.lin.clould.repository.MybatisLogInterceptor:98)  - sql : SELECT T1.*
		FROM BOARD T1
		WHERE T1.MENU_ID = '1'
 [2014-10-11 12:44:45,951] [DEBUG] (com.lin.clould.repository.MybatisLogInterceptor:99)  - =====================================================================
 [2014-10-11 12:44:45,952] [DEBUG] (query.person.bbs.BbsSqlMapper.selectBBSListByMenuId:132)  - ==> Parameters: 1(String)
 [2014-10-11 12:44:46,523] [DEBUG] (query.person.bbs.BbsSqlMapper.selectBBSListByMenuId:132)  - <==      Total: 1
 [2014-10-11 12:44:46,526] [DEBUG] (org.apache.ibatis.transaction.jdbc.JdbcTransaction:117)  - Resetting autocommit to true on JDBC Connection [oracle.jdbc.driver.T4CConnection@484c6b]
 [2014-10-11 12:44:46,526] [DEBUG] (org.apache.ibatis.transaction.jdbc.JdbcTransaction:85)  - Closing JDBC Connection [oracle.jdbc.driver.T4CConnection@484c6b]
 [2014-10-11 12:44:46,527] [DEBUG] (org.apache.ibatis.datasource.pooled.PooledDataSource:332)  - Returned connection 4738155 to pool.
 